{"/Users/jdplumst/code/dailydough/packages/logger/src/index.ts": {"path":"/Users/jdplumst/code/dailydough/packages/logger/src/index.ts","statementMap":{"0":{"start":{"line":1,"column":19},"end":{"line":4,"column":null}},"1":{"start":{"line":3,"column":2},"end":{"line":3,"column":null}}},"fnMap":{"0":{"name":"(anonymous_0)","decl":{"start":{"line":1,"column":19},"end":{"line":1,"column":23}},"loc":{"start":{"line":1,"column":49},"end":{"line":4,"column":null}}}},"branchMap":{},"s":{"0":1,"1":1},"f":{"0":1},"b":{}}
}
